<?xml version="1.0" encoding="UTF-8"?>
<testsuite name="ru.stqa.pft.sandbox.DistanceTest" tests="4" skipped="0" failures="0" errors="0" timestamp="2021-11-28T19:46:49" hostname="DESKTOP-DDUF4RI" time="0.012">
  <properties/>
  <testcase name="TestDistance" classname="ru.stqa.pft.sandbox.DistanceTest" time="0.007"/>
  <testcase name="TestDistance2" classname="ru.stqa.pft.sandbox.DistanceTest" time="0.0"/>
  <testcase name="TestDistance3" classname="ru.stqa.pft.sandbox.DistanceTest" time="0.001"/>
  <testcase name="TestDistance4" classname="ru.stqa.pft.sandbox.DistanceTest" time="0.0"/>
  <system-out><![CDATA[]]></system-out>
  <system-err><![CDATA[]]></system-err>
</testsuite>
